<?xml version="1.0" encoding="UTF-8"?>
<persistence version="2.2" 
             xmlns="http://xmlns.jcp.org/xml/ns/persistence" 
             xmlns:xsi="http://www.w3.org/2001/XMLSchema-instance" 
             xsi:schemaLocation="http://xmlns.jcp.org/xml/ns/persistence http://xmlns.jcp.org/xml/ns/persistence/persistence_2_2.xsd">
    <persistence-unit name="TipicosPUTest" transaction-type="RESOURCE_LOCAL">
        <class>sv.edu.ues.fmocc.tpi135.entity.Producto</class>
        <class>sv.edu.ues.fmocc.tpi135.entity.TipoProducto</class>
        <properties>
            <property name="javax.persistence.jdbc.url" value="jdbc:postgresql://localhost:5432/tipicos_test"/>
            <property name="javax.persistence.jdbc.user" value="postgres"/>
            <property name="javax.persistence.jdbc.password" value="postgres"/>
            <property name="javax.persistence.jdbc.driver" value="org.postgresql.Driver"/>
            <property name="javax.persistence.schema-generation.database.action" value="drop-and-create"/>
            <property name="javax.persistence.sql-load-script-source" value="META-INF/sql/init-data.sql"/>
            <property name="eclipselink.logging.level" value="FINE"/>
            <property name="eclipselink.logging.parameters" value="true"/>
        </properties>
    </persistence-unit>
</persistence>
